<?xml version="1.0" encoding="UTF-8"?>
<testng-results skipped="0" failed="0" ignored="0" total="6" passed="6">
  <reporter-output>
  </reporter-output>
  <suite name="Surefire suite" duration-ms="979" started-at="2017-06-18T16:17:45Z" finished-at="2017-06-18T16:17:46Z">
    <groups>
    </groups>
    <test name="Surefire test" duration-ms="979" started-at="2017-06-18T16:17:45Z" finished-at="2017-06-18T16:17:46Z">
      <class name="org.wso2.extension.siddhi.map.text.sinkmapper.TextSinkMapperWithSiddhiQueryAPITestCase">
        <test-method status="PASS" signature="init()[pri:0, instance:org.wso2.extension.siddhi.map.text.sinkmapper.TextSinkMapperWithSiddhiQueryAPITestCase@7ca48474]" name="init" is-config="true" duration-ms="0" started-at="2017-06-18T21:47:46Z" finished-at="2017-06-18T21:47:46Z">
          <reporter-output>
          </reporter-output>
        </test-method> <!-- init -->
        <test-method status="PASS" signature="testTextSinkmapperWithCustomMapping()[pri:0, instance:org.wso2.extension.siddhi.map.text.sinkmapper.TextSinkMapperWithSiddhiQueryAPITestCase@7ca48474]" name="testTextSinkmapperWithCustomMapping" duration-ms="104" started-at="2017-06-18T21:47:46Z" finished-at="2017-06-18T21:47:46Z">
          <reporter-output>
          </reporter-output>
        </test-method> <!-- testTextSinkmapperWithCustomMapping -->
        <test-method status="PASS" signature="testTextSinkmapperWithDefaultMapping()[pri:0, instance:org.wso2.extension.siddhi.map.text.sinkmapper.TextSinkMapperWithSiddhiQueryAPITestCase@7ca48474]" name="testTextSinkmapperWithDefaultMapping" duration-ms="103" started-at="2017-06-18T21:47:46Z" finished-at="2017-06-18T21:47:46Z">
          <reporter-output>
          </reporter-output>
        </test-method> <!-- testTextSinkmapperWithDefaultMapping -->
        <test-method status="PASS" signature="init()[pri:0, instance:org.wso2.extension.siddhi.map.text.sinkmapper.TextSinkMapperWithSiddhiQueryAPITestCase@7ca48474]" name="init" is-config="true" duration-ms="0" started-at="2017-06-18T21:47:46Z" finished-at="2017-06-18T21:47:46Z">
          <reporter-output>
          </reporter-output>
        </test-method> <!-- init -->
      </class> <!-- org.wso2.extension.siddhi.map.text.sinkmapper.TextSinkMapperWithSiddhiQueryAPITestCase -->
      <class name="org.wso2.extension.siddhi.map.text.sourcemapper.TextSourceMapperTestCase">
        <test-method status="PASS" signature="init()[pri:0, instance:org.wso2.extension.siddhi.map.text.sourcemapper.TextSourceMapperTestCase@69d9c55]" name="init" is-config="true" duration-ms="6" started-at="2017-06-18T21:47:45Z" finished-at="2017-06-18T21:47:45Z">
          <reporter-output>
          </reporter-output>
        </test-method> <!-- init -->
        <test-method status="PASS" signature="testTextSourcemapper1()[pri:0, instance:org.wso2.extension.siddhi.map.text.sourcemapper.TextSourceMapperTestCase@69d9c55]" name="testTextSourcemapper1" duration-ms="422" started-at="2017-06-18T21:47:45Z" finished-at="2017-06-18T21:47:45Z">
          <reporter-output>
          </reporter-output>
        </test-method> <!-- testTextSourcemapper1 -->
      </class> <!-- org.wso2.extension.siddhi.map.text.sourcemapper.TextSourceMapperTestCase -->
      <class name="org.wso2.extension.siddhi.map.text.sinkmapper.TextSinkMapperWithSiddhiQLTestCase">
        <test-method status="PASS" signature="testNoSuchAttributeExceptionForTextOutputMapping()[pri:0, instance:org.wso2.extension.siddhi.map.text.sinkmapper.TextSinkMapperWithSiddhiQLTestCase@13a57a3b]" name="testNoSuchAttributeExceptionForTextOutputMapping" duration-ms="60" started-at="2017-06-18T21:47:45Z" finished-at="2017-06-18T21:47:46Z">
          <exception class="org.wso2.siddhi.core.exception.NoSuchAttributeException">
            <message>
              <![CDATA[Attribute : {{non-exist}} does not exist in StreamDefinition{id='BarStream', attributeList=[Attribute{id='symbol', type=STRING}, Attribute{id='price', type=FLOAT}, Attribute{id='volume', type=LONG}], annotations=[Annotation{name='sink', elements=[Element{key='type', value='inMemory'}, Element{key='topic', value='{{symbol}}'}], annotations=[Annotation{name='map', elements=[Element{key='type', value='text'}], annotations=[Annotation{name='payload', elements=[Element{key='null', value='Stock price of {{non-exist}} is {{price}}'}], annotations=[]}]}]}]}.]]>
            </message>
            <full-stacktrace>
              <![CDATA[org.wso2.siddhi.core.exception.NoSuchAttributeException: Attribute : {{non-exist}} does not exist in StreamDefinition{id='BarStream', attributeList=[Attribute{id='symbol', type=STRING}, Attribute{id='price', type=FLOAT}, Attribute{id='volume', type=LONG}], annotations=[Annotation{name='sink', elements=[Element{key='type', value='inMemory'}, Element{key='topic', value='{{symbol}}'}], annotations=[Annotation{name='map', elements=[Element{key='type', value='text'}], annotations=[Annotation{name='payload', elements=[Element{key='null', value='Stock price of {{non-exist}} is {{price}}'}], annotations=[]}]}]}]}.
	at org.wso2.siddhi.core.util.transport.TemplateBuilder.parse(TemplateBuilder.java:82)
	at org.wso2.siddhi.core.util.transport.TemplateBuilder.<init>(TemplateBuilder.java:42)
	at org.wso2.siddhi.core.stream.output.sink.SinkMapper.init(SinkMapper.java:58)
	at org.wso2.siddhi.core.stream.output.sink.Sink.init(Sink.java:53)
	at org.wso2.siddhi.core.util.parser.helper.DefinitionParserHelper.addEventSink(DefinitionParserHelper.java:416)
	at org.wso2.siddhi.core.util.SiddhiAppRuntimeBuilder.defineStream(SiddhiAppRuntimeBuilder.java:101)
	at org.wso2.siddhi.core.util.parser.SiddhiAppParser.defineStreamDefinitions(SiddhiAppParser.java:266)
	at org.wso2.siddhi.core.util.parser.SiddhiAppParser.parse(SiddhiAppParser.java:194)
	at org.wso2.siddhi.core.SiddhiManager.createSiddhiAppRuntime(SiddhiManager.java:56)
	at org.wso2.siddhi.core.SiddhiManager.createSiddhiAppRuntime(SiddhiManager.java:65)
	at org.wso2.extension.siddhi.map.text.sinkmapper.TextSinkMapperWithSiddhiQLTestCase.testNoSuchAttributeExceptionForTextOutputMapping(TextSinkMapperWithSiddhiQLTestCase.java:205)
	at sun.reflect.NativeMethodAccessorImpl.invoke0(Native Method)
	at sun.reflect.NativeMethodAccessorImpl.invoke(NativeMethodAccessorImpl.java:62)
	at sun.reflect.DelegatingMethodAccessorImpl.invoke(DelegatingMethodAccessorImpl.java:43)
	at java.lang.reflect.Method.invoke(Method.java:498)
	at org.testng.internal.MethodInvocationHelper.invokeMethod(MethodInvocationHelper.java:108)
	at org.testng.internal.Invoker.invokeMethod(Invoker.java:661)
	at org.testng.internal.Invoker.invokeTestMethod(Invoker.java:869)
	at org.testng.internal.Invoker.invokeTestMethods(Invoker.java:1193)
	at org.testng.internal.TestMethodWorker.invokeTestMethods(TestMethodWorker.java:126)
	at org.testng.internal.TestMethodWorker.run(TestMethodWorker.java:109)
	at org.testng.TestRunner.privateRun(TestRunner.java:744)
	at org.testng.TestRunner.run(TestRunner.java:602)
	at org.testng.SuiteRunner.runTest(SuiteRunner.java:380)
	at org.testng.SuiteRunner.runSequentially(SuiteRunner.java:375)
	at org.testng.SuiteRunner.privateRun(SuiteRunner.java:340)
	at org.testng.SuiteRunner.run(SuiteRunner.java:289)
	at org.testng.SuiteRunnerWorker.runSuite(SuiteRunnerWorker.java:52)
	at org.testng.SuiteRunnerWorker.run(SuiteRunnerWorker.java:86)
	at org.testng.TestNG.runSuitesSequentially(TestNG.java:1301)
	at org.testng.TestNG.runSuitesLocally(TestNG.java:1226)
	at org.testng.TestNG.runSuites(TestNG.java:1144)
	at org.testng.TestNG.run(TestNG.java:1115)
	at org.apache.maven.surefire.testng.TestNGExecutor.run(TestNGExecutor.java:132)
	at org.apache.maven.surefire.testng.TestNGDirectoryTestSuite.executeMulti(TestNGDirectoryTestSuite.java:193)
	at org.apache.maven.surefire.testng.TestNGDirectoryTestSuite.execute(TestNGDirectoryTestSuite.java:94)
	at org.apache.maven.surefire.testng.TestNGProvider.invoke(TestNGProvider.java:147)
	at org.apache.maven.surefire.booter.ForkedBooter.invokeProviderInSameClassLoader(ForkedBooter.java:290)
	at org.apache.maven.surefire.booter.ForkedBooter.runSuitesInProcess(ForkedBooter.java:242)
	at org.apache.maven.surefire.booter.ForkedBooter.main(ForkedBooter.java:121)
]]>
            </full-stacktrace>
          </exception> <!-- org.wso2.siddhi.core.exception.NoSuchAttributeException -->
          <reporter-output>
          </reporter-output>
        </test-method> <!-- testNoSuchAttributeExceptionForTextOutputMapping -->
        <test-method status="PASS" signature="init()[pri:0, instance:org.wso2.extension.siddhi.map.text.sinkmapper.TextSinkMapperWithSiddhiQLTestCase@13a57a3b]" name="init" is-config="true" duration-ms="0" started-at="2017-06-18T21:47:45Z" finished-at="2017-06-18T21:47:45Z">
          <reporter-output>
          </reporter-output>
        </test-method> <!-- init -->
        <test-method status="PASS" signature="init()[pri:0, instance:org.wso2.extension.siddhi.map.text.sinkmapper.TextSinkMapperWithSiddhiQLTestCase@13a57a3b]" name="init" is-config="true" duration-ms="1" started-at="2017-06-18T21:47:46Z" finished-at="2017-06-18T21:47:46Z">
          <reporter-output>
          </reporter-output>
        </test-method> <!-- init -->
        <test-method status="PASS" signature="testTextOutputCustomMappingWithSiddhiQL()[pri:0, instance:org.wso2.extension.siddhi.map.text.sinkmapper.TextSinkMapperWithSiddhiQLTestCase@13a57a3b]" name="testTextOutputCustomMappingWithSiddhiQL" duration-ms="152" started-at="2017-06-18T21:47:46Z" finished-at="2017-06-18T21:47:46Z">
          <reporter-output>
          </reporter-output>
        </test-method> <!-- testTextOutputCustomMappingWithSiddhiQL -->
        <test-method status="PASS" signature="testTextSinkmapperDefaultMappingWithSiddhiQL()[pri:0, instance:org.wso2.extension.siddhi.map.text.sinkmapper.TextSinkMapperWithSiddhiQLTestCase@13a57a3b]" name="testTextSinkmapperDefaultMappingWithSiddhiQL" duration-ms="107" started-at="2017-06-18T21:47:46Z" finished-at="2017-06-18T21:47:46Z">
          <reporter-output>
          </reporter-output>
        </test-method> <!-- testTextSinkmapperDefaultMappingWithSiddhiQL -->
        <test-method status="PASS" signature="init()[pri:0, instance:org.wso2.extension.siddhi.map.text.sinkmapper.TextSinkMapperWithSiddhiQLTestCase@13a57a3b]" name="init" is-config="true" duration-ms="0" started-at="2017-06-18T21:47:46Z" finished-at="2017-06-18T21:47:46Z">
          <reporter-output>
          </reporter-output>
        </test-method> <!-- init -->
      </class> <!-- org.wso2.extension.siddhi.map.text.sinkmapper.TextSinkMapperWithSiddhiQLTestCase -->
    </test> <!-- Surefire test -->
  </suite> <!-- Surefire suite -->
</testng-results>
