<?xml version="1.0" encoding="UTF-8"?>
<!-- Generated by org.testng.reporters.JUnitXMLReporter -->
<testsuite hostname="wso2-ThinkPad-X1-Carbon-4th" ignored="0" name="Surefire test" tests="6" failures="0" timestamp="18 Jun 2017 07:09:57 GMT" time="1.08" errors="0">
  <testcase name="testTextSourcemapper1" time="0.582" classname="org.wso2.extension.siddhi.map.text.sourcemapper.TextSourceMapperTestCase"/>
  <testcase name="testNoSuchAttributeExceptionForTextOutputMapping" time="0.021" classname="org.wso2.extension.siddhi.map.text.sinkmapper.TextSinkMapperWithSiddhiQLTestCase"/>
  <testcase name="testTextOutputCustomMappingWithSiddhiQL" time="0.118" classname="org.wso2.extension.siddhi.map.text.sinkmapper.TextSinkMapperWithSiddhiQLTestCase"/>
  <testcase name="testTextSinkmapperDefaultMappingWithSiddhiQL" time="0.107" classname="org.wso2.extension.siddhi.map.text.sinkmapper.TextSinkMapperWithSiddhiQLTestCase"/>
  <testcase name="testTextSinkmapperWithCustomMapping" time="0.104" classname="org.wso2.extension.siddhi.map.text.sinkmapper.TextSinkMapperWithSiddhiQueryAPITestCase"/>
  <testcase name="testTextSinkmapperWithDefaultMapping" time="0.111" classname="org.wso2.extension.siddhi.map.text.sinkmapper.TextSinkMapperWithSiddhiQueryAPITestCase"/>
</testsuite> <!-- Surefire test -->
